#
# There is insufficient memory for the Java Runtime Environment to continue.
# Native memory allocation (malloc) failed to allocate 33616 bytes for Chunk::new
# Possible reasons:
#   The system is out of physical RAM or swap space
#   In 32 bit mode, the process size limit was hit
# Possible solutions:
#   Reduce memory load on the system
#   Increase physical memory or swap space
#   Check if swap backing store is full
#   Use 64 bit Java on a 64 bit OS
#   Decrease Java heap size (-Xmx/-Xms)
#   Decrease number of Java threads
#   Decrease Java thread stack sizes (-Xss)
#   Set larger code cache with -XX:ReservedCodeCacheSize=
# This output file may be truncated or incomplete.
#
#  Out of Memory Error (allocation.cpp:390), pid=3080, tid=0x0000000000000fa4
#
# JRE version: Java(TM) SE Runtime Environment (8.0_144-b01) (build 1.8.0_144-b01)
# Java VM: Java HotSpot(TM) 64-Bit Server VM (25.144-b01 mixed mode windows-amd64 compressed oops)
# Failed to write core dump. Minidumps are not enabled by default on client versions of Windows
#

---------------  T H R E A D  ---------------

Current thread (0x000000001dee0800):  JavaThread "C2 CompilerThread0" daemon [_thread_in_native, id=4004, stack(0x000000001f520000,0x000000001f620000)]

Stack: [0x000000001f520000,0x000000001f620000]
[error occurred during error reporting (printing stack bounds), id 0xc0000005]

Native frames: (J=compiled Java code, j=interpreted, Vv=VM code, C=native code)


Current CompileTask:
C2:  32648 1561       4       java.util.concurrent.ThreadPoolExecutor$Worker::unlock (7 bytes)


---------------  P R O C E S S  ---------------

Java Threads: ( => current thread )
  0x000000001ffc5800 JavaThread "D3D Screen Updater" daemon [_thread_blocked, id=864, stack(0x000000002a100000,0x000000002a200000)]
  0x000000001ffbf000 JavaThread "TimerQueue" daemon [_thread_blocked, id=9480, stack(0x0000000029f00000,0x000000002a000000)]
  0x000000001ffc4000 JavaThread "DestroyJavaVM" [_thread_blocked, id=7644, stack(0x0000000002950000,0x0000000002a50000)]
  0x000000001ffc5000 JavaThread "JNativeHook Dispatch Thread" daemon [_thread_blocked, id=13616, stack(0x0000000027cd0000,0x0000000027dd0000)]
  0x000000001fd8b000 JavaThread "JNativeHook Hook Thread" [_thread_in_native, id=9772, stack(0x00000000278d0000,0x00000000279d0000)]
  0x000000001fdc9800 JavaThread "Swing-Shell" daemon [_thread_blocked, id=6440, stack(0x0000000027150000,0x0000000027250000)]
  0x000000001fdec800 JavaThread "AWT-EventQueue-0" [_thread_blocked, id=10624, stack(0x0000000026de0000,0x0000000026ee0000)]
  0x000000001fced000 JavaThread "AWT-Windows" daemon [_thread_in_native, id=11564, stack(0x00000000209c0000,0x0000000020ac0000)]
  0x000000001fcec000 JavaThread "AWT-Shutdown" [_thread_blocked, id=16520, stack(0x00000000208c0000,0x00000000209c0000)]
  0x000000001fce7800 JavaThread "Java2D Disposer" daemon [_thread_blocked, id=4580, stack(0x00000000206e0000,0x00000000207e0000)]
  0x000000001df92000 JavaThread "Service Thread" daemon [_thread_blocked, id=884, stack(0x000000001f920000,0x000000001fa20000)]
  0x000000001deef000 JavaThread "C1 CompilerThread3" daemon [_thread_in_native, id=2768, stack(0x000000001f820000,0x000000001f920000)]
  0x000000001deee000 JavaThread "C2 CompilerThread2" daemon [_thread_in_native, id=8108, stack(0x000000001f720000,0x000000001f820000)]
  0x000000001dee5000 JavaThread "C2 CompilerThread1" daemon [_thread_in_native, id=12948, stack(0x000000001f620000,0x000000001f720000)]
=>0x000000001dee0800 JavaThread "C2 CompilerThread0" daemon [_thread_in_native, id=4004, stack(0x000000001f520000,0x000000001f620000)]
  0x000000001dedd000 JavaThread "Attach Listener" daemon [_thread_blocked, id=6676, stack(0x000000001f420000,0x000000001f520000)]
  0x000000001deda800 JavaThread "Signal Dispatcher" daemon [_thread_blocked, id=11104, stack(0x000000001f320000,0x000000001f420000)]
  0x000000001ded3000 JavaThread "Finalizer" daemon [_thread_blocked, id=7128, stack(0x000000001f130000,0x000000001f230000)]
  0x000000001c7ec800 JavaThread "Reference Handler" daemon [_thread_blocked, id=3576, stack(0x000000001f030000,0x000000001f130000)]

Other Threads:
  0x000000001c7e6800 VMThread [stack: 0x000000001ef30000,0x000000001f030000] [id=9012]
  0x000000001df97800 WatcherThread [stack: 0x000000001fa20000,0x000000001fb20000] [id=9640]

VM state:not at safepoint (normal execution)

VM Mutex/Monitor currently owned by a thread: None

Heap:
 PSYoungGen      total 76288K, used 57398K [0x000000076af80000, 0x0000000770480000, 0x00000007c0000000)
  eden space 65536K, 81% used [0x000000076af80000,0x000000076e37f140,0x000000076ef80000)
  from space 10752K, 38% used [0x000000076fa00000,0x000000076fe0e828,0x0000000770480000)
  to   space 10752K, 0% used [0x000000076ef80000,0x000000076ef80000,0x000000076fa00000)
 ParOldGen       total 175104K, used 8601K [0x00000006c0e00000, 0x00000006cb900000, 0x000000076af80000)
  object space 175104K, 4% used [0x00000006c0e00000,0x00000006c1666698,0x00000006cb900000)
 Metaspace       used 16538K, capacity 16834K, committed 17152K, reserved 1064960K
  class space    used 2152K, capacity 2247K, committed 2304K, reserved 1048576K

Card table byte_map: [0x0000000011f10000,0x0000000012710000] byte_map_base: 0x000000000e909000

Marking Bits: (ParMarkBitMap*) 0x00000000618ed850
 Begin Bits: [0x0000000013670000, 0x0000000017638000)
 End Bits:   [0x0000000017638000, 0x000000001b600000)

Polling page: 0x0000000002730000

CodeCache: size=245760Kb used=5334Kb max_used=5340Kb free=240425Kb
 bounds [0x0000000002b50000, 0x0000000003090000, 0x0000000011b50000]
 total_blobs=2103 nmethods=1563 adapters=452
 compilation: enabled

Compilation events (10 events):
Event: 31.881 Thread 0x000000001deef000 nmethod 1558 0x00000000030826d0 code [0x00000000030829a0, 0x0000000003083c58]
Event: 31.881 Thread 0x000000001deef000 1559       3       java.awt.LightweightDispatcher::retargetMouseEvent (350 bytes)
Event: 31.882 Thread 0x000000001deef000 nmethod 1559 0x0000000003084850 code [0x0000000003084be0, 0x00000000030877b8]
Event: 31.882 Thread 0x000000001deef000 1560   !   3       java.awt.AWTEvent::copyPrivateDataInto (76 bytes)
Event: 31.883 Thread 0x000000001deef000 nmethod 1560 0x0000000003088610 code [0x0000000003088820, 0x00000000030894a8]
Event: 32.298 Thread 0x000000001dee0800 1561       4       java.util.concurrent.ThreadPoolExecutor$Worker::unlock (7 bytes)
Event: 32.302 Thread 0x000000001dee5000 1562       4       java.util.concurrent.ThreadPoolExecutor::execute (132 bytes)
Event: 32.302 Thread 0x000000001deee000 1563       4       java.util.concurrent.ThreadPoolExecutor$Worker::lock (6 bytes)
Event: 32.302 Thread 0x000000001deee000 nmethod 1563 0x0000000003082450 code [0x0000000003082580, 0x0000000003082638]
Event: 32.305 Thread 0x000000001deee000 1564   !   4       java.util.concurrent.LinkedBlockingQueue::offer (130 bytes)

GC Heap History (8 events):
Event: 1.372 GC heap before
{Heap before GC invocations=1 (full 0):
 PSYoungGen      total 76288K, used 62675K [0x000000076af80000, 0x0000000770480000, 0x00000007c0000000)
  eden space 65536K, 95% used [0x000000076af80000,0x000000076ecb4d08,0x000000076ef80000)
  from space 10752K, 0% used [0x000000076fa00000,0x000000076fa00000,0x0000000770480000)
  to   space 10752K, 0% used [0x000000076ef80000,0x000000076ef80000,0x000000076fa00000)
 ParOldGen       total 175104K, used 0K [0x00000006c0e00000, 0x00000006cb900000, 0x000000076af80000)
  object space 175104K, 0% used [0x00000006c0e00000,0x00000006c0e00000,0x00000006cb900000)
 Metaspace       used 15377K, capacity 15640K, committed 16000K, reserved 1062912K
  class space    used 2042K, capacity 2150K, committed 2176K, reserved 1048576K
Event: 1.376 GC heap after
Heap after GC invocations=1 (full 0):
 PSYoungGen      total 76288K, used 10722K [0x000000076af80000, 0x0000000770480000, 0x00000007c0000000)
  eden space 65536K, 0% used [0x000000076af80000,0x000000076af80000,0x000000076ef80000)
  from space 10752K, 99% used [0x000000076ef80000,0x000000076f9f88d8,0x000000076fa00000)
  to   space 10752K, 0% used [0x000000076fa00000,0x000000076fa00000,0x0000000770480000)
 ParOldGen       total 175104K, used 199K [0x00000006c0e00000, 0x00000006cb900000, 0x000000076af80000)
  object space 175104K, 0% used [0x00000006c0e00000,0x00000006c0e31f28,0x00000006cb900000)
 Metaspace       used 15377K, capacity 15640K, committed 16000K, reserved 1062912K
  class space    used 2042K, capacity 2150K, committed 2176K, reserved 1048576K
}
Event: 1.606 GC heap before
{Heap before GC invocations=2 (full 0):
 PSYoungGen      total 76288K, used 76247K [0x000000076af80000, 0x0000000770480000, 0x00000007c0000000)
  eden space 65536K, 99% used [0x000000076af80000,0x000000076ef7d410,0x000000076ef80000)
  from space 10752K, 99% used [0x000000076ef80000,0x000000076f9f88d8,0x000000076fa00000)
  to   space 10752K, 0% used [0x000000076fa00000,0x000000076fa00000,0x0000000770480000)
 ParOldGen       total 175104K, used 199K [0x00000006c0e00000, 0x00000006cb900000, 0x000000076af80000)
  object space 175104K, 0% used [0x00000006c0e00000,0x00000006c0e31f28,0x00000006cb900000)
 Metaspace       used 15424K, capacity 15644K, committed 16000K, reserved 1062912K
  class space    used 2043K, capacity 2150K, committed 2176K, reserved 1048576K
Event: 1.611 GC heap after
Heap after GC invocations=2 (full 0):
 PSYoungGen      total 76288K, used 10740K [0x000000076af80000, 0x0000000774480000, 0x00000007c0000000)
  eden space 65536K, 0% used [0x000000076af80000,0x000000076af80000,0x000000076ef80000)
  from space 10752K, 99% used [0x000000076fa00000,0x000000077047d1e8,0x0000000770480000)
  to   space 10752K, 0% used [0x000000076ef80000,0x000000076ef80000,0x000000076fa00000)
 ParOldGen       total 175104K, used 8585K [0x00000006c0e00000, 0x00000006cb900000, 0x000000076af80000)
  object space 175104K, 4% used [0x00000006c0e00000,0x00000006c1662698,0x00000006cb900000)
 Metaspace       used 15424K, capacity 15644K, committed 16000K, reserved 1062912K
  class space    used 2043K, capacity 2150K, committed 2176K, reserved 1048576K
}
Event: 2.293 GC heap before
{Heap before GC invocations=3 (full 0):
 PSYoungGen      total 76288K, used 76276K [0x000000076af80000, 0x0000000774480000, 0x00000007c0000000)
  eden space 65536K, 100% used [0x000000076af80000,0x000000076ef80000,0x000000076ef80000)
  from space 10752K, 99% used [0x000000076fa00000,0x000000077047d1e8,0x0000000770480000)
  to   space 10752K, 0% used [0x000000076ef80000,0x000000076ef80000,0x000000076fa00000)
 ParOldGen       total 175104K, used 8585K [0x00000006c0e00000, 0x00000006cb900000, 0x000000076af80000)
  object space 175104K, 4% used [0x00000006c0e00000,0x00000006c1662698,0x00000006cb900000)
 Metaspace       used 16128K, capacity 16386K, committed 16640K, reserved 1062912K
  class space    used 2136K, capacity 2247K, committed 2304K, reserved 1048576K
Event: 2.295 GC heap after
Heap after GC invocations=3 (full 0):
 PSYoungGen      total 76288K, used 5184K [0x000000076af80000, 0x0000000770480000, 0x00000007c0000000)
  eden space 65536K, 0% used [0x000000076af80000,0x000000076af80000,0x000000076ef80000)
  from space 10752K, 48% used [0x000000076ef80000,0x000000076f4902c8,0x000000076fa00000)
  to   space 10752K, 0% used [0x000000076fa00000,0x000000076fa00000,0x0000000770480000)
 ParOldGen       total 175104K, used 8593K [0x00000006c0e00000, 0x00000006cb900000, 0x000000076af80000)
  object space 175104K, 4% used [0x00000006c0e00000,0x00000006c1664698,0x00000006cb900000)
 Metaspace       used 16128K, capacity 16386K, committed 16640K, reserved 1062912K
  class space    used 2136K, capacity 2247K, committed 2304K, reserved 1048576K
}
Event: 2.757 GC heap before
{Heap before GC invocations=4 (full 0):
 PSYoungGen      total 76288K, used 70720K [0x000000076af80000, 0x0000000770480000, 0x00000007c0000000)
  eden space 65536K, 100% used [0x000000076af80000,0x000000076ef80000,0x000000076ef80000)
  from space 10752K, 48% used [0x000000076ef80000,0x000000076f4902c8,0x000000076fa00000)
  to   space 10752K, 0% used [0x000000076fa00000,0x000000076fa00000,0x0000000770480000)
 ParOldGen       total 175104K, used 8593K [0x00000006c0e00000, 0x00000006cb900000, 0x000000076af80000)
  object space 175104K, 4% used [0x00000006c0e00000,0x00000006c1664698,0x00000006cb900000)
 Metaspace       used 16373K, capacity 16642K, committed 16896K, reserved 1064960K
  class space    used 2148K, capacity 2247K, committed 2304K, reserved 1048576K
Event: 2.758 GC heap after
Heap after GC invocations=4 (full 0):
 PSYoungGen      total 76288K, used 4154K [0x000000076af80000, 0x0000000770480000, 0x00000007c0000000)
  eden space 65536K, 0% used [0x000000076af80000,0x000000076af80000,0x000000076ef80000)
  from space 10752K, 38% used [0x000000076fa00000,0x000000076fe0e828,0x0000000770480000)
  to   space 10752K, 0% used [0x000000076ef80000,0x000000076ef80000,0x000000076fa00000)
 ParOldGen       total 175104K, used 8601K [0x00000006c0e00000, 0x00000006cb900000, 0x000000076af80000)
  object space 175104K, 4% used [0x00000006c0e00000,0x00000006c1666698,0x00000006cb900000)
 Metaspace       used 16373K, capacity 16642K, committed 16896K, reserved 1064960K
  class space    used 2148K, capacity 2247K, committed 2304K, reserved 1048576K
}

Deoptimization events (10 events):
Event: 4.325 Thread 0x000000001fdec800 Uncommon trap: reason=unstable_if action=reinterpret pc=0x0000000002ff6dd4 method=java.awt.Component.inside(II)Z @ 1
Event: 4.489 Thread 0x000000001fdec800 Uncommon trap: reason=class_check action=maybe_recompile pc=0x0000000002fafed0 method=java.awt.EventQueue.setCurrentEventAndMostRecentTimeImpl(Ljava/awt/AWTEvent;)V @ 128
Event: 4.489 Thread 0x000000001fdec800 Uncommon trap: reason=class_check action=maybe_recompile pc=0x0000000002f9c924 method=java.awt.EventQueue.getAccessControlContextFrom(Ljava/lang/Object;)Ljava/security/AccessControlContext; @ 8
Event: 4.489 Thread 0x000000001fdec800 Uncommon trap: reason=class_check action=maybe_recompile pc=0x0000000002fc17e8 method=java.awt.EventQueue.dispatchEventImpl(Ljava/awt/AWTEvent;Ljava/lang/Object;)V @ 30
Event: 4.496 Thread 0x000000001fdec800 Uncommon trap: reason=class_check action=maybe_recompile pc=0x0000000002fc17d0 method=java.awt.EventQueue.setCurrentEventAndMostRecentTimeImpl(Ljava/awt/AWTEvent;)V @ 128
Event: 4.496 Thread 0x000000001fdec800 Uncommon trap: reason=class_check action=maybe_recompile pc=0x0000000002fb19c0 method=java.awt.EventQueue.setCurrentEventAndMostRecentTimeImpl(Ljava/awt/AWTEvent;)V @ 128
Event: 4.826 Thread 0x000000001ffbf000 Uncommon trap: reason=unstable_if action=reinterpret pc=0x0000000002fefc28 method=javax.swing.TimerQueue.run()V @ 64
Event: 4.826 Thread 0x000000001fdec800 Uncommon trap: reason=class_check action=maybe_recompile pc=0x0000000002f98304 method=javax.swing.Timer.fireActionPerformed(Ljava/awt/event/ActionEvent;)V @ 30
Event: 4.826 Thread 0x000000001ffbf000 Uncommon trap: reason=unstable_if action=reinterpret pc=0x0000000002fee3d0 method=java.util.concurrent.locks.AbstractQueuedSynchronizer$ConditionObject.addConditionWaiter()Ljava/util/concurrent/locks/AbstractQueuedSynchronizer$Node; @ 6
Event: 31.298 Thread 0x000000001fdec800 Uncommon trap: reason=unstable_if action=reinterpret pc=0x000000000302fe10 method=java.awt.EventQueue.postEvent(Ljava/awt/AWTEvent;I)V @ 6

Internal exceptions (10 events):
Event: 0.089 Thread 0x000000000294e800 Exception <a 'java/security/PrivilegedActionException'> (0x000000076b0329e0) thrown at [C:\re\workspace\8-2-build-windows-amd64-cygwin\jdk8u144\9417\hotspot\src\share\vm\prims\jvm.cpp, line 1390]
Event: 0.102 Thread 0x000000000294e800 Exception <a 'java/io/FileNotFoundException'> (0x000000076b070e98) thrown at [C:\re\workspace\8-2-build-windows-amd64-cygwin\jdk8u144\9417\hotspot\src\share\vm\prims\jni.cpp, line 709]
Event: 0.129 Thread 0x000000000294e800 Exception <a 'java/lang/NoSuchFieldError': method resolution failed> (0x000000076b2860a8) thrown at [C:\re\workspace\8-2-build-windows-amd64-cygwin\jdk8u144\9417\hotspot\src\share\vm\prims\methodHandles.cpp, line 1146]
Event: 0.130 Thread 0x000000000294e800 Exception <a 'java/lang/NoSuchFieldError': method resolution failed> (0x000000076b293478) thrown at [C:\re\workspace\8-2-build-windows-amd64-cygwin\jdk8u144\9417\hotspot\src\share\vm\prims\methodHandles.cpp, line 1146]
Event: 0.167 Thread 0x000000000294e800 Exception <a 'java/io/FileNotFoundException'> (0x000000076b348a08) thrown at [C:\re\workspace\8-2-build-windows-amd64-cygwin\jdk8u144\9417\hotspot\src\share\vm\prims\jni.cpp, line 709]
Event: 0.285 Thread 0x000000000294e800 Exception <a 'java/lang/NoClassDefFoundError': org/apache/log4j/Priority> (0x000000076b69e958) thrown at [C:\re\workspace\8-2-build-windows-amd64-cygwin\jdk8u144\9417\hotspot\src\share\vm\classfile\systemDictionary.cpp, line 199]
Event: 0.465 Thread 0x000000000294e800 Exception <a 'java/lang/NoSuchMethodError': <clinit>> (0x000000076be22488) thrown at [C:\re\workspace\8-2-build-windows-amd64-cygwin\jdk8u144\9417\hotspot\src\share\vm\prims\jni.cpp, line 1613]
Event: 0.472 Thread 0x000000000294e800 Exception <a 'java/lang/NoSuchMethodError': <clinit>> (0x000000076be536d8) thrown at [C:\re\workspace\8-2-build-windows-amd64-cygwin\jdk8u144\9417\hotspot\src\share\vm\prims\jni.cpp, line 1613]
Event: 0.472 Thread 0x000000000294e800 Exception <a 'java/lang/NoSuchMethodError': <clinit>> (0x000000076be5bcd8) thrown at [C:\re\workspace\8-2-build-windows-amd64-cygwin\jdk8u144\9417\hotspot\src\share\vm\prims\jni.cpp, line 1613]
Event: 0.473 Thread 0x000000000294e800 Exception <a 'java/lang/NoSuchMethodError': <clinit>> (0x000000076be66018) thrown at [C:\re\workspace\8-2-build-windows-amd64-cygwin\jdk8u144\9417\hotspot\src\share\vm\prims\jni.cpp, line 1613]

Events (10 events):
Event: 5.527 Thread 0x000000001ff7b800 Thread exited: 0x000000001ff7b800
Event: 5.528 Thread 0x000000001ffc1000 Thread exited: 0x000000001ffc1000
Event: 7.442 loading class org/jnativehook/mouse/NativeMouseWheelListener
Event: 7.442 loading class org/jnativehook/mouse/NativeMouseWheelListener done
Event: 11.218 Thread 0x000000001ffbf800 Thread exited: 0x000000001ffbf800
Event: 31.298 Thread 0x000000001fdec800 Uncommon trap: trap_request=0xffffff65 fr.pc=0x000000000302fe10
Event: 31.298 Thread 0x000000001fdec800 DEOPT PACKING pc=0x000000000302fe10 sp=0x0000000026edeea0
Event: 31.298 Thread 0x000000001fdec800 DEOPT UNPACKING pc=0x0000000002b9582a sp=0x0000000026edee78 mode 2
Event: 32.416 Thread 0x000000001ffbf000 Uncommon trap: trap_request=0xffffff65 fr.pc=0x0000000002edeb5c
Event: 32.416 Thread 0x000000001fdec800 Uncommon trap: trap_request=0xffffffde fr.pc=0x0000000002f98304


Dynamic libraries:
0x00007ff76f260000 - 0x00007ff76f297000 	C:\Program Files\Java\jdk1.8.0_144\bin\javaw.exe
0x00007ffc91620000 - 0x00007ffc917fb000 	C:\Windows\SYSTEM32\ntdll.dll
0x00007ffc8fe90000 - 0x00007ffc8ff3e000 	C:\Windows\System32\KERNEL32.DLL
0x00007ffc8dec0000 - 0x00007ffc8e109000 	C:\Windows\System32\KERNELBASE.dll
0x00007ffc914b0000 - 0x00007ffc91551000 	C:\Windows\System32\ADVAPI32.dll
0x00007ffc91410000 - 0x00007ffc914ad000 	C:\Windows\System32\msvcrt.dll
0x00007ffc913b0000 - 0x00007ffc91409000 	C:\Windows\System32\sechost.dll
0x00007ffc8eb80000 - 0x00007ffc8eca5000 	C:\Windows\System32\RPCRT4.dll
0x00007ffc8fa00000 - 0x00007ffc8fb4a000 	C:\Windows\System32\USER32.dll
0x00007ffc8db40000 - 0x00007ffc8db5e000 	C:\Windows\System32\win32u.dll
0x00007ffc91380000 - 0x00007ffc913a7000 	C:\Windows\System32\GDI32.dll
0x00007ffc8dd30000 - 0x00007ffc8deb7000 	C:\Windows\System32\gdi32full.dll
0x00007ffc8e810000 - 0x00007ffc8e8aa000 	C:\Windows\System32\msvcp_win.dll
0x00007ffc8ea80000 - 0x00007ffc8eb76000 	C:\Windows\System32\ucrtbase.dll
0x00007ffc83e30000 - 0x00007ffc84097000 	C:\Windows\WinSxS\amd64_microsoft.windows.common-controls_6595b64144ccf1df_6.0.15063.483_none_26002d27e7c744a2\COMCTL32.dll
0x00007ffc8f700000 - 0x00007ffc8f9f9000 	C:\Windows\System32\combase.dll
0x00007ffc8ea10000 - 0x00007ffc8ea7a000 	C:\Windows\System32\bcryptPrimitives.dll
0x00007ffc8f6c0000 - 0x00007ffc8f6ed000 	C:\Windows\System32\IMM32.DLL
0x000000005e620000 - 0x000000005e6f2000 	C:\Program Files\Java\jdk1.8.0_144\jre\bin\msvcr100.dll
0x00000000610d0000 - 0x000000006196d000 	C:\Program Files\Java\jdk1.8.0_144\jre\bin\server\jvm.dll
0x00007ffc8fc60000 - 0x00007ffc8fc68000 	C:\Windows\System32\PSAPI.DLL
0x00007ffc8b3e0000 - 0x00007ffc8b403000 	C:\Windows\SYSTEM32\WINMM.dll
0x00007ffc7fe30000 - 0x00007ffc7fe39000 	C:\Windows\SYSTEM32\WSOCK32.dll
0x00007ffc8a2b0000 - 0x00007ffc8a2ba000 	C:\Windows\SYSTEM32\VERSION.dll
0x00007ffc8fe20000 - 0x00007ffc8fe8c000 	C:\Windows\System32\WS2_32.dll
0x00007ffc8b380000 - 0x00007ffc8b3ab000 	C:\Windows\SYSTEM32\WINMMBASE.dll
0x00007ffc8e8b0000 - 0x00007ffc8e8f9000 	C:\Windows\System32\cfgmgr32.dll
0x00000000610c0000 - 0x00000000610cf000 	C:\Program Files\Java\jdk1.8.0_144\jre\bin\verify.dll
0x0000000061090000 - 0x00000000610b9000 	C:\Program Files\Java\jdk1.8.0_144\jre\bin\java.dll
0x0000000061070000 - 0x0000000061086000 	C:\Program Files\Java\jdk1.8.0_144\jre\bin\zip.dll
0x00007ffc8ff40000 - 0x00007ffc91376000 	C:\Windows\System32\SHELL32.dll
0x00007ffc8ecb0000 - 0x00007ffc8ed5a000 	C:\Windows\System32\shcore.dll
0x00007ffc8e110000 - 0x00007ffc8e801000 	C:\Windows\System32\windows.storage.dll
0x00007ffc8f450000 - 0x00007ffc8f4a1000 	C:\Windows\System32\shlwapi.dll
0x00007ffc8db00000 - 0x00007ffc8db11000 	C:\Windows\System32\kernel.appcore.dll
0x00007ffc8dab0000 - 0x00007ffc8dafc000 	C:\Windows\System32\powrprof.dll
0x00007ffc8db20000 - 0x00007ffc8db35000 	C:\Windows\System32\profapi.dll
0x0000000060e50000 - 0x0000000060fe8000 	C:\Program Files\Java\jdk1.8.0_144\jre\bin\awt.dll
0x00007ffc91560000 - 0x00007ffc91620000 	C:\Windows\System32\OLEAUT32.dll
0x00007ffc8c040000 - 0x00007ffc8c0be000 	C:\Windows\SYSTEM32\apphelp.dll
0x00007ffc8a870000 - 0x00007ffc8a89a000 	C:\Windows\system32\DWMAPI.DLL
0x00007ffc8c2d0000 - 0x00007ffc8c365000 	C:\Windows\system32\uxtheme.dll
0x00007ffc55e00000 - 0x00007ffc55f21000 	C:\Windows\system32\opengl32.dll
0x00007ffc81c40000 - 0x00007ffc81c6c000 	C:\Windows\SYSTEM32\GLU32.dll
0x00007ffc8f1a0000 - 0x00007ffc8f306000 	C:\Windows\System32\MSCTF.dll
0x00007ffc8fc70000 - 0x00007ffc8fdb5000 	C:\Windows\System32\ole32.dll
0x00007ffc5ff90000 - 0x00007ffc60119000 	C:\Windows\system32\d3d9.dll
0x00007ffc88080000 - 0x00007ffc8815f000 	C:\Windows\System32\DriverStore\FileRepository\nv_desktop_ref4wui.inf_amd64_393cbe542dcfcdfd\nvldumdx.dll
0x00007ffc8db60000 - 0x00007ffc8dd29000 	C:\Windows\System32\crypt32.dll
0x00007ffc8da90000 - 0x00007ffc8daa1000 	C:\Windows\System32\MSASN1.dll
0x00007ffc8d4e0000 - 0x00007ffc8d4f7000 	C:\Windows\SYSTEM32\CRYPTSP.dll
0x00007ffc8cf60000 - 0x00007ffc8cf94000 	C:\Windows\system32\rsaenh.dll
0x00007ffc8d650000 - 0x00007ffc8d675000 	C:\Windows\SYSTEM32\bcrypt.dll
0x00007ffc8d500000 - 0x00007ffc8d50b000 	C:\Windows\SYSTEM32\CRYPTBASE.dll
0x00007ffc41590000 - 0x00007ffc425a5000 	C:\Windows\System32\DriverStore\FileRepository\nv_desktop_ref4wui.inf_amd64_393cbe542dcfcdfd\nvd3dumx.dll
0x00007ffc86620000 - 0x00007ffc86709000 	C:\Program Files (x86)\NVIDIA Corporation\3D Vision\nvSCPAPI64.dll
0x00007ffc8ed60000 - 0x00007ffc8f19b000 	C:\Windows\System32\SETUPAPI.dll
0x00007ffc86170000 - 0x00007ffc86216000 	C:\Windows\WinSxS\amd64_microsoft.windows.common-controls_6595b64144ccf1df_5.82.15063.413_none_0e0f5dcc67adff4e\comctl32.dll
0x00007ffc8f310000 - 0x00007ffc8f3ae000 	C:\Windows\System32\clbcatq.dll
0x00007ffc8a8a0000 - 0x00007ffc8aa36000 	C:\Windows\system32\propsys.dll
0x0000000070e80000 - 0x0000000070e94000 	C:\Users\4LDE\AppData\Local\Temp\JNativeHook-2.1.0.x86_64.dll
0x00007ffc62c60000 - 0x00007ffc62d87000 	C:\Windows\system32\NetworkExplorer.dll
0x00007ffc89820000 - 0x00007ffc899cc000 	C:\Windows\SYSTEM32\WindowsCodecs.dll
0x00007ffc72550000 - 0x00007ffc725a7000 	C:\Windows\System32\thumbcache.dll
0x0000000060e00000 - 0x0000000060e47000 	C:\Program Files\Java\jdk1.8.0_144\jre\bin\fontmanager.dll
0x0000000061050000 - 0x000000006106a000 	C:\Program Files\Java\jdk1.8.0_144\jre\bin\net.dll
0x00007ffc8d340000 - 0x00007ffc8d39c000 	C:\Windows\system32\mswsock.dll
0x0000000061030000 - 0x0000000061041000 	C:\Program Files\Java\jdk1.8.0_144\jre\bin\nio.dll
0x0000000060cd0000 - 0x0000000060d12000 	C:\Program Files\Java\jdk1.8.0_144\jre\bin\t2k.dll
0x00007ffc88160000 - 0x00007ffc881e2000 	C:\Windows\System32\TextInputFramework.dll
0x00007ffc8b9c0000 - 0x00007ffc8baa3000 	C:\Windows\System32\CoreMessaging.dll
0x00007ffc89450000 - 0x00007ffc89722000 	C:\Windows\System32\CoreUIComponents.dll
0x00007ffc8cd20000 - 0x00007ffc8cd51000 	C:\Windows\SYSTEM32\ntmarta.dll
0x00007ffc8a470000 - 0x00007ffc8a5a9000 	C:\Windows\SYSTEM32\wintypes.dll
0x00007ffc8a5b0000 - 0x00007ffc8a5c5000 	C:\Windows\SYSTEM32\usermgrcli.dll
0x00007ffc81dd0000 - 0x00007ffc81e17000 	C:\Windows\system32\dataexchange.dll
0x00007ffc8b0a0000 - 0x00007ffc8b37f000 	C:\Windows\system32\d3d11.dll
0x00007ffc8bab0000 - 0x00007ffc8bbd2000 	C:\Windows\system32\dcomp.dll
0x00007ffc8c9e0000 - 0x00007ffc8ca84000 	C:\Windows\system32\dxgi.dll
0x00007ffc8c520000 - 0x00007ffc8c690000 	C:\Windows\system32\twinapi.appcore.dll

VM Arguments:
jvm_args: -Dfile.encoding=Cp1252 
java_command: sorter.other.SplashScreen
java_class_path (initial): C:\Program Files\Java\jdk1.8.0_144\jre\lib\resources.jar;C:\Program Files\Java\jdk1.8.0_144\jre\lib\rt.jar;C:\Program Files\Java\jdk1.8.0_144\jre\lib\jsse.jar;C:\Program Files\Java\jdk1.8.0_144\jre\lib\jce.jar;C:\Program Files\Java\jdk1.8.0_144\jre\lib\charsets.jar;C:\Program Files\Java\jdk1.8.0_144\jre\lib\jfr.jar;C:\Program Files\Java\jdk1.8.0_144\jre\lib\ext\access-bridge-64.jar;C:\Program Files\Java\jdk1.8.0_144\jre\lib\ext\cldrdata.jar;C:\Program Files\Java\jdk1.8.0_144\jre\lib\ext\dnsns.jar;C:\Program Files\Java\jdk1.8.0_144\jre\lib\ext\jaccess.jar;C:\Program Files\Java\jdk1.8.0_144\jre\lib\ext\jfxrt.jar;C:\Program Files\Java\jdk1.8.0_144\jre\lib\ext\localedata.jar;C:\Program Files\Java\jdk1.8.0_144\jre\lib\ext\nashorn.jar;C:\Program Files\Java\jdk1.8.0_144\jre\lib\ext\sunec.jar;C:\Program Files\Java\jdk1.8.0_144\jre\lib\ext\sunjce_provider.jar;C:\Program Files\Java\jdk1.8.0_144\jre\lib\ext\sunmscapi.jar;C:\Program Files\Java\jdk1.8.0_144\jre\lib\ext\sunpkcs11.jar;C:\Program Files\Java\jdk1.8.0_144\jre\lib\ext\zipfs.jar;C:\Users\4LDE\eclipse-workspace\SampleSorter\bin;C:\Users\4LDE\eclipse-workspace\SampleSorter\lib\commons-configuration-1.10-javadoc.jar;C:\Users\4LDE\eclipse-workspace\SampleSorter\lib\commons-configuration-1.10-sources.jar;C:\Users\4LDE\eclipse-workspace\SampleSorter\lib\commons-configuration-1.10-test-sources.jar;C:\Users\4LDE\eclipse-workspace\SampleSorter\lib\commons-configuration-1.10-tests.jar;C:\Users\4LDE\eclipse-workspace\SampleSorter\lib\commons-configuration-1.10.jar;C:\Users\4LDE\eclipse-workspace\SampleSorter\lib\commons-lang-2.4-1.jar;C:\Users\4LDE\eclipse-workspace\SampleSorter\lib\commons-logging-1.2-javadoc.jar;C:\Users\4LDE\eclipse-workspace\SampleSorter\lib\commons-logging-1.2.jar;C:\Users\4LDE\eclipse-workspace\SampleSorter\lib\prettytime-2.1.0.jar;C:\Users\4LDE\eclipse-workspace\SampleSorter\lib\istack-commons-runtime-2.13.jar;C:\Users\4LDE\eclipse-workspace\SampleSorter\lib\basicplayer3.0.jar;
Launcher Type: SUN_STANDARD

Environment Variables:
PATH=C:/Program Files/Java/jdk1.8.0_144/jre/bin/server;C:/Program Files/Java/jdk1.8.0_144/jre/bin;C:/Program Files/Java/jdk1.8.0_144/jre/lib/amd64;C:\Program Files (x86)\Common Files\Intel\Shared Libraries\redist\intel64\compiler;C:\Program Files (x86)\Common Files\Intel\Shared Libraries\redist\ia32\compiler;C:\ProgramData\Oracle\Java\javapath;C:\Windows\system32;C:\Windows;C:\Windows\System32\Wbem;C:\Windows\System32\WindowsPowerShell\v1.0\;C:\Program Files (x86)\Skype\Phone\;C:\Program Files (x86)\GtkSharp\2.12\bin;C:\Program Files\Git\cmd;C:\Program Files (x86)\QuickTime\QTSystem\;C:\Users\4LDE\AppData\Local\Microsoft\WindowsApps;C:\Users\4LDE\AppData\Local\GitHubDesktop\bin;C:\Users\4LDE\AppData\Roaming\Microsoft\Windows\Start Menu\Programs\Eclipse;
USERNAME=4LDE
OS=Windows_NT
PROCESSOR_IDENTIFIER=Intel64 Family 6 Model 45 Stepping 7, GenuineIntel



---------------  S Y S T E M  ---------------

OS: Windows 10.0 , 64 bit Build 15063 (10.0.15063.296)

CPU:total 12 (initial active 12) (6 cores per cpu, 2 threads per core) family 6 model 45 stepping 7, cmov, cx8, fxsr, mmx, sse, sse2, sse3, ssse3, sse4.1, sse4.2, popcnt, avx, aes, clmul, ht, tsc, tscinvbit, tscinv

Memory: 4k page, physical 16714748k(833680k free), swap 25210636k(4k free)

vm_info: Java HotSpot(TM) 64-Bit Server VM (25.144-b01) for windows-amd64 JRE (1.8.0_144-b01), built on Jul 21 2017 21:57:33 by "java_re" with MS VC++ 10.0 (VS2010)

time: Tue Nov 07 19:04:30 2017
elapsed time: 32 seconds (0d 0h 0m 32s)

